mode: count
github.com/ingmardrewing/staticPersistence/pageDto.go:14.48,26.2 1 28
github.com/ingmardrewing/staticPersistence/pageDto.go:41.43,41.60 1 14
github.com/ingmardrewing/staticPersistence/pageDto.go:42.43,42.64 1 14
github.com/ingmardrewing/staticPersistence/pageDto.go:44.39,44.57 1 14
github.com/ingmardrewing/staticPersistence/pageDto.go:45.39,45.63 1 14
github.com/ingmardrewing/staticPersistence/pageDto.go:46.39,46.59 1 14
github.com/ingmardrewing/staticPersistence/pageDto.go:47.39,47.60 1 12
github.com/ingmardrewing/staticPersistence/pageDto.go:48.39,48.62 1 14
github.com/ingmardrewing/staticPersistence/pageDto.go:50.34,52.2 1 11
github.com/ingmardrewing/staticPersistence/pageDto.go:53.46,55.2 1 11
github.com/ingmardrewing/staticPersistence/persistence.go:14.36,14.61 1 3
github.com/ingmardrewing/staticPersistence/persistence.go:24.56,27.36 3 1
github.com/ingmardrewing/staticPersistence/persistence.go:30.2,30.13 1 1
github.com/ingmardrewing/staticPersistence/persistence.go:27.36,29.3 1 5
github.com/ingmardrewing/staticPersistence/persistence.go:33.65,35.27 2 1
github.com/ingmardrewing/staticPersistence/persistence.go:35.27,40.3 2 2
github.com/ingmardrewing/staticPersistence/persistence.go:43.60,46.16 3 2
github.com/ingmardrewing/staticPersistence/persistence.go:49.2,52.21 4 2
github.com/ingmardrewing/staticPersistence/persistence.go:59.2,68.16 1 2
github.com/ingmardrewing/staticPersistence/persistence.go:46.16,48.3 1 0
github.com/ingmardrewing/staticPersistence/persistence.go:52.21,57.3 4 2
github.com/ingmardrewing/staticPersistence/persistence.go:71.53,76.2 4 5
github.com/ingmardrewing/staticPersistence/persistence.go:78.59,81.33 3 1
github.com/ingmardrewing/staticPersistence/persistence.go:88.2,88.23 1 1
github.com/ingmardrewing/staticPersistence/persistence.go:81.33,87.3 5 5
github.com/ingmardrewing/staticPersistence/persistence.go:91.72,100.2 7 4
github.com/ingmardrewing/staticPersistence/persistence.go:102.63,113.2 1 4
github.com/ingmardrewing/staticPersistence/persistence.go:115.44,118.2 2 31
github.com/ingmardrewing/staticPersistence/persistence.go:120.42,122.16 2 31
github.com/ingmardrewing/staticPersistence/persistence.go:125.2,125.53 1 31
github.com/ingmardrewing/staticPersistence/persistence.go:122.16,124.3 1 0
github.com/ingmardrewing/staticPersistence/persistence.go:128.38,130.16 2 31
github.com/ingmardrewing/staticPersistence/persistence.go:133.2,134.16 2 31
github.com/ingmardrewing/staticPersistence/persistence.go:137.2,138.63 2 31
github.com/ingmardrewing/staticPersistence/persistence.go:130.16,132.3 1 0
github.com/ingmardrewing/staticPersistence/persistence.go:134.16,136.3 1 0
github.com/ingmardrewing/staticPersistence/config.go:11.49,22.2 8 1
github.com/ingmardrewing/staticPersistence/imageDto.go:11.34,21.2 1 11
github.com/ingmardrewing/staticPersistence/imageDto.go:35.39,35.61 1 5
github.com/ingmardrewing/staticPersistence/imageDto.go:36.39,36.62 1 5
github.com/ingmardrewing/staticPersistence/imageDto.go:37.39,37.62 1 5
github.com/ingmardrewing/staticPersistence/imageDto.go:38.39,38.62 1 5
github.com/ingmardrewing/staticPersistence/imageDto.go:40.34,40.51 1 5
github.com/ingmardrewing/staticPersistence/imageDto.go:41.34,41.52 1 5
github.com/ingmardrewing/staticPersistence/imageDto.go:43.42,43.68 1 5
github.com/ingmardrewing/staticPersistence/imageDto.go:44.42,44.60 1 5
github.com/ingmardrewing/staticPersistence/pageDao.go:14.74,29.2 5 9
github.com/ingmardrewing/staticPersistence/pageDao.go:36.43,41.29 4 6
github.com/ingmardrewing/staticPersistence/pageDao.go:53.2,64.10 2 6
github.com/ingmardrewing/staticPersistence/pageDao.go:41.29,52.3 1 6
github.com/ingmardrewing/staticPersistence/pageDao.go:68.43,70.2 1 9
github.com/ingmardrewing/staticPersistence/pageDao.go:75.75,76.18 1 20
github.com/ingmardrewing/staticPersistence/pageDao.go:79.2,79.14 1 20
github.com/ingmardrewing/staticPersistence/pageDao.go:76.18,78.3 1 14
github.com/ingmardrewing/staticPersistence/pageDao.go:85.43,97.2 2 5
github.com/ingmardrewing/staticPersistence/pageDao.go:99.50,101.2 1 5
github.com/ingmardrewing/staticPersistence/pageDao.go:103.52,105.37 2 5
github.com/ingmardrewing/staticPersistence/pageDao.go:117.2,117.40 1 5
github.com/ingmardrewing/staticPersistence/pageDao.go:105.37,116.3 2 5
github.com/ingmardrewing/staticPersistence/pageDao.go:120.48,131.2 1 5
github.com/ingmardrewing/staticPersistence/pageDao.go:133.43,146.2 1 5
