mode: count
github.com/ingmardrewing/staticPersistence/pageDto.go:14.48,26.2 1 28
github.com/ingmardrewing/staticPersistence/pageDto.go:41.43,41.60 1 14
github.com/ingmardrewing/staticPersistence/pageDto.go:42.43,42.64 1 14
github.com/ingmardrewing/staticPersistence/pageDto.go:44.39,44.57 1 14
github.com/ingmardrewing/staticPersistence/pageDto.go:45.39,45.63 1 14
github.com/ingmardrewing/staticPersistence/pageDto.go:46.39,46.59 1 14
github.com/ingmardrewing/staticPersistence/pageDto.go:47.39,47.60 1 12
github.com/ingmardrewing/staticPersistence/pageDto.go:48.39,48.62 1 14
github.com/ingmardrewing/staticPersistence/pageDto.go:50.34,52.2 1 11
github.com/ingmardrewing/staticPersistence/pageDto.go:53.46,55.2 1 11
github.com/ingmardrewing/staticPersistence/persistence.go:14.36,14.61 1 3
github.com/ingmardrewing/staticPersistence/persistence.go:24.56,27.36 3 1
github.com/ingmardrewing/staticPersistence/persistence.go:30.2,30.13 1 1
github.com/ingmardrewing/staticPersistence/persistence.go:27.36,29.3 1 5
github.com/ingmardrewing/staticPersistence/persistence.go:33.65,35.27 2 1
github.com/ingmardrewing/staticPersistence/persistence.go:35.27,40.3 2 2
github.com/ingmardrewing/staticPersistence/persistence.go:43.60,46.16 3 2
github.com/ingmardrewing/staticPersistence/persistence.go:49.2,52.21 4 2
github.com/ingmardrewing/staticPersistence/persistence.go:59.2,68.16 1 2
github.com/ingmardrewing/staticPersistence/persistence.go:46.16,48.3 1 0
github.com/ingmardrewing/staticPersistence/persistence.go:52.21,57.3 4 2
github.com/ingmardrewing/staticPersistence/persistence.go:71.53,76.2 4 5
github.com/ingmardrewing/staticPersistence/persistence.go:78.59,81.33 3 1
github.com/ingmardrewing/staticPersistence/persistence.go:88.2,88.23 1 1
github.com/ingmardrewing/staticPersistence/persistence.go:81.33,87.3 5 5
github.com/ingmardrewing/staticPersistence/persistence.go:91.72,100.2 7 4
github.com/ingmardrewing/staticPersistence/persistence.go:102.63,113.2 1 4
github.com/ingmardrewing/staticPersistence/persistence.go:115.44,118.2 2 31
github.com/ingmardrewing/staticPersistence/persistence.go:120.42,122.16 2 31
github.com/ingmardrewing/staticPersistence/persistence.go:125.2,125.53 1 31
github.com/ingmardrewing/staticPersistence/persistence.go:122.16,124.3 1 0
github.com/ingmardrewing/staticPersistence/persistence.go:128.38,130.16 2 31
github.com/ingmardrewing/staticPersistence/persistence.go:133.2,134.16 2 31
github.com/ingmardrewing/staticPersistence/persistence.go:137.2,138.63 2 31
github.com/ingmardrewing/staticPersistence/persistence.go:130.16,132.3 1 0
github.com/ingmardrewing/staticPersistence/persistence.go:134.16,136.3 1 0
github.com/ingmardrewing/staticPersistence/config.go:11.49,22.2 8 1
github.com/ingmardrewing/staticPersistence/imageDto.go:11.34,21.2 1 11
github.com/ingmardrewing/staticPersistence/imageDto.go:35.39,35.61 1 5
github.com/ingmardrewing/staticPersistence/imageDto.go:36.39,36.62 1 5
github.com/ingmardrewing/staticPersistence/imageDto.go:37.39,37.62 1 5
github.com/ingmardrewing/staticPersistence/imageDto.go:38.39,38.62 1 5
github.com/ingmardrewing/staticPersistence/imageDto.go:40.34,40.51 1 5
github.com/ingmardrewing/staticPersistence/imageDto.go:41.34,41.52 1 5
github.com/ingmardrewing/staticPersistence/imageDto.go:43.42,43.68 1 5
github.com/ingmardrewing/staticPersistence/imageDto.go:44.42,44.60 1 5
github.com/ingmardrewing/staticPersistence/pageDao.go:14.74,29.2 5 9
github.com/ingmardrewing/staticPersistence/pageDao.go:36.43,41.29 4 6
github.com/ingmardrewing/staticPersistence/pageDao.go:53.2,64.10 2 6
github.com/ingmardrewing/staticPersistence/pageDao.go:41.29,52.3 1 6
github.com/ingmardrewing/staticPersistence/pageDao.go:68.43,70.2 1 9
github.com/ingmardrewing/staticPersistence/pageDao.go:75.75,76.18 1 20
github.com/ingmardrewing/staticPersistence/pageDao.go:79.2,79.14 1 20
github.com/ingmardrewing/staticPersistence/pageDao.go:76.18,78.3 1 14
github.com/ingmardrewing/staticPersistence/pageDao.go:85.43,97.2 2 5
github.com/ingmardrewing/staticPersistence/pageDao.go:99.50,101.2 1 5
github.com/ingmardrewing/staticPersistence/pageDao.go:103.52,105.37 2 5
github.com/ingmardrewing/staticPersistence/pageDao.go:117.2,117.40 1 5
github.com/ingmardrewing/staticPersistence/pageDao.go:105.37,116.3 2 5
github.com/ingmardrewing/staticPersistence/pageDao.go:120.48,131.2 1 5
github.com/ingmardrewing/staticPersistence/pageDao.go:133.43,146.2 1 5
mode: count
github.com/ingmardrewing/static/command.go:9.55,14.2 4 1
github.com/ingmardrewing/static/command.go:21.43,22.25 1 1
github.com/ingmardrewing/static/command.go:22.25,24.3 1 2
github.com/ingmardrewing/static/command.go:27.25,31.16 3 0
github.com/ingmardrewing/static/command.go:31.16,34.3 2 0
github.com/ingmardrewing/static/elementBundle.go:6.40,8.2 1 5
github.com/ingmardrewing/static/elementBundle.go:14.55,16.2 1 40
github.com/ingmardrewing/static/elementBundle.go:18.37,20.2 1 41
github.com/ingmardrewing/static/elementBundle.go:22.57,24.2 1 5
github.com/ingmardrewing/static/elementBundle.go:26.76,28.29 2 1
github.com/ingmardrewing/static/elementBundle.go:31.2,31.13 1 1
github.com/ingmardrewing/static/elementBundle.go:28.29,30.3 1 4
github.com/ingmardrewing/static/input.go:11.37,17.2 5 1
github.com/ingmardrewing/static/input.go:26.27,31.2 4 0
github.com/ingmardrewing/static/input.go:33.34,35.2 1 1
github.com/ingmardrewing/static/input.go:37.36,43.2 5 1
github.com/ingmardrewing/static/siteCreator.go:19.71,23.2 3 1
github.com/ingmardrewing/static/siteCreator.go:28.55,32.2 3 0
github.com/ingmardrewing/static/siteCreator.go:46.33,70.2 2 1
github.com/ingmardrewing/static/siteCreator.go:74.57,75.26 1 5
github.com/ingmardrewing/static/siteCreator.go:75.26,77.3 1 4
github.com/ingmardrewing/static/siteCreator.go:82.38,85.19 1 1
github.com/ingmardrewing/static/siteCreator.go:88.2,89.48 2 1
github.com/ingmardrewing/static/siteCreator.go:112.2,112.52 1 1
github.com/ingmardrewing/static/siteCreator.go:85.19,87.3 1 0
github.com/ingmardrewing/static/siteCreator.go:89.48,92.35 2 0
github.com/ingmardrewing/static/siteCreator.go:96.3,108.20 3 0
github.com/ingmardrewing/static/siteCreator.go:92.35,94.4 1 0
github.com/ingmardrewing/static/siteCreator.go:112.52,115.35 2 0
github.com/ingmardrewing/static/siteCreator.go:118.3,129.24 3 0
github.com/ingmardrewing/static/siteCreator.go:115.35,117.4 1 0
github.com/ingmardrewing/static/siteCreator.go:134.38,135.35 1 0
github.com/ingmardrewing/static/siteCreator.go:135.35,139.3 3 0
github.com/ingmardrewing/static/siteCreator.go:144.36,147.38 2 1
github.com/ingmardrewing/static/siteCreator.go:147.38,156.3 2 5
github.com/ingmardrewing/static/siteCreator.go:161.39,162.19 1 1
github.com/ingmardrewing/static/siteCreator.go:162.19,163.33 1 1
github.com/ingmardrewing/static/siteCreator.go:167.3,167.100 1 1
github.com/ingmardrewing/static/siteCreator.go:163.33,166.4 2 5
github.com/ingmardrewing/static/siteCreator.go:172.37,174.32 2 1
github.com/ingmardrewing/static/siteCreator.go:174.32,176.3 1 5
github.com/ingmardrewing/static/siteCreator.go:181.65,183.33 2 5
github.com/ingmardrewing/static/siteCreator.go:188.2,188.14 1 4
github.com/ingmardrewing/static/siteCreator.go:183.33,184.55 1 8
github.com/ingmardrewing/static/siteCreator.go:184.55,186.4 1 1
github.com/ingmardrewing/static/siteCreator.go:193.79,195.33 2 1
github.com/ingmardrewing/static/siteCreator.go:202.2,203.48 2 1
github.com/ingmardrewing/static/siteCreator.go:207.2,211.52 5 1
github.com/ingmardrewing/static/siteCreator.go:195.33,200.3 4 4
github.com/ingmardrewing/static/siteCreator.go:203.48,205.3 1 25
github.com/ingmardrewing/static/siteCreator.go:216.36,219.37 3 1
github.com/ingmardrewing/static/siteCreator.go:219.37,223.3 2 60
github.com/ingmardrewing/static/source.go:25.46,29.17 3 5
github.com/ingmardrewing/static/source.go:46.2,48.10 2 5
github.com/ingmardrewing/static/source.go:30.23,31.22 1 1
github.com/ingmardrewing/static/source.go:32.23,33.22 1 1
github.com/ingmardrewing/static/source.go:34.28,35.27 1 0
github.com/ingmardrewing/static/source.go:36.28,37.26 1 1
github.com/ingmardrewing/static/source.go:38.29,39.27 1 1
github.com/ingmardrewing/static/source.go:40.37,41.35 1 1
github.com/ingmardrewing/static/source.go:42.10,43.45 1 0
github.com/ingmardrewing/static/source.go:55.34,63.30 4 1
github.com/ingmardrewing/static/source.go:67.2,69.31 3 1
github.com/ingmardrewing/static/source.go:63.30,66.3 2 5
github.com/ingmardrewing/static/source.go:69.31,70.54 1 1
github.com/ingmardrewing/static/source.go:70.54,72.4 1 4
github.com/ingmardrewing/static/source.go:76.58,78.2 1 1
github.com/ingmardrewing/static/source.go:85.39,90.27 4 0
github.com/ingmardrewing/static/source.go:90.27,92.3 1 0
github.com/ingmardrewing/static/source.go:95.63,97.2 1 0
github.com/ingmardrewing/static/source.go:104.34,104.60 1 1
github.com/ingmardrewing/static/source.go:106.58,108.2 1 1
github.com/ingmardrewing/static/source.go:115.48,117.2 1 1
github.com/ingmardrewing/static/source.go:119.72,121.2 1 1
github.com/ingmardrewing/static/source.go:128.39,131.25 3 1
github.com/ingmardrewing/static/source.go:131.25,133.3 1 4
github.com/ingmardrewing/static/source.go:137.63,139.2 1 1
github.com/ingmardrewing/static/source.go:146.39,151.31 4 1
github.com/ingmardrewing/static/source.go:151.31,152.54 1 0
github.com/ingmardrewing/static/source.go:152.54,154.4 1 0
github.com/ingmardrewing/static/source.go:158.63,160.2 1 1
github.com/ingmardrewing/static/source.go:174.60,176.2 1 0
github.com/ingmardrewing/static/source.go:178.63,180.2 1 5
github.com/ingmardrewing/static/source.go:182.37,182.38 0 0
github.com/ingmardrewing/static/source.go:184.131,191.2 6 5
github.com/ingmardrewing/static/source.go:193.45,198.31 5 5
github.com/ingmardrewing/static/source.go:198.31,200.3 1 59
github.com/ingmardrewing/static/source.go:203.60,205.14 2 59
github.com/ingmardrewing/static/source.go:208.2,210.26 3 59
github.com/ingmardrewing/static/source.go:205.14,207.3 1 0
github.com/ingmardrewing/static/blogNaviPageGenerator.go:14.62,21.2 5 1
github.com/ingmardrewing/static/blogNaviPageGenerator.go:30.65,35.19 4 1
github.com/ingmardrewing/static/blogNaviPageGenerator.go:38.2,38.33 1 1
github.com/ingmardrewing/static/blogNaviPageGenerator.go:60.2,60.18 1 1
github.com/ingmardrewing/static/blogNaviPageGenerator.go:35.19,37.3 1 0
github.com/ingmardrewing/static/blogNaviPageGenerator.go:38.33,40.16 2 5
github.com/ingmardrewing/static/blogNaviPageGenerator.go:44.3,58.36 4 5
github.com/ingmardrewing/static/blogNaviPageGenerator.go:40.16,42.4 1 1
github.com/ingmardrewing/static/blogNaviPageGenerator.go:63.70,67.35 4 1
github.com/ingmardrewing/static/blogNaviPageGenerator.go:70.2,70.17 1 1
github.com/ingmardrewing/static/blogNaviPageGenerator.go:67.35,69.3 1 40
github.com/ingmardrewing/static/blogNaviPageGenerator.go:73.76,77.29 4 1
github.com/ingmardrewing/static/blogNaviPageGenerator.go:84.2,84.15 1 1
github.com/ingmardrewing/static/blogNaviPageGenerator.go:87.2,87.16 1 1
github.com/ingmardrewing/static/blogNaviPageGenerator.go:77.29,79.15 2 40
github.com/ingmardrewing/static/blogNaviPageGenerator.go:79.15,82.4 2 4
github.com/ingmardrewing/static/blogNaviPageGenerator.go:84.15,86.3 1 1
github.com/ingmardrewing/static/blogNaviPageGenerator.go:90.71,94.35 4 1
github.com/ingmardrewing/static/blogNaviPageGenerator.go:97.2,97.20 1 1
github.com/ingmardrewing/static/blogNaviPageGenerator.go:94.35,96.3 1 5
github.com/ingmardrewing/static/componentCollector.go:9.50,11.2 1 1
github.com/ingmardrewing/static/componentCollector.go:17.69,19.2 1 1
github.com/ingmardrewing/static/componentCollector.go:21.74,22.29 1 4
github.com/ingmardrewing/static/componentCollector.go:22.29,23.31 1 93
github.com/ingmardrewing/static/componentCollector.go:23.31,25.4 1 25
github.com/ingmardrewing/static/componentCollector.go:29.83,30.36 1 93
github.com/ingmardrewing/static/componentCollector.go:35.2,35.14 1 25
github.com/ingmardrewing/static/componentCollector.go:30.36,31.56 1 793
github.com/ingmardrewing/static/componentCollector.go:31.56,33.4 1 68
github.com/ingmardrewing/static/main.go:36.31,36.45 1 0
github.com/ingmardrewing/static/main.go:39.13,49.11 9 1
github.com/ingmardrewing/static/main.go:55.2,59.12 4 1
github.com/ingmardrewing/static/main.go:49.11,51.3 1 0
github.com/ingmardrewing/static/main.go:51.8,53.3 1 1
github.com/ingmardrewing/static/main.go:59.12,61.3 1 1
github.com/ingmardrewing/static/main.go:61.8,63.3 1 0
github.com/ingmardrewing/static/main.go:66.13,67.8 1 2
github.com/ingmardrewing/static/main.go:67.8,69.3 1 1
github.com/ingmardrewing/static/main.go:69.8,71.3 1 1
github.com/ingmardrewing/static/main.go:74.22,76.6 2 0
github.com/ingmardrewing/static/main.go:76.6,78.3 1 0
github.com/ingmardrewing/static/main.go:81.21,82.11 1 1
github.com/ingmardrewing/static/main.go:85.2,85.17 1 1
github.com/ingmardrewing/static/main.go:88.2,88.13 1 1
github.com/ingmardrewing/static/main.go:91.2,91.12 1 1
github.com/ingmardrewing/static/main.go:82.11,84.3 1 1
github.com/ingmardrewing/static/main.go:85.17,87.3 1 0
github.com/ingmardrewing/static/main.go:88.13,90.3 1 1
github.com/ingmardrewing/static/main.go:91.12,93.3 1 1
github.com/ingmardrewing/static/main.go:96.30,101.2 4 1
github.com/ingmardrewing/static/main.go:103.24,107.2 3 0
github.com/ingmardrewing/static/main.go:109.42,128.2 6 1
github.com/ingmardrewing/static/main.go:130.67,133.2 2 1
github.com/ingmardrewing/static/main.go:135.45,140.2 4 3
github.com/ingmardrewing/static/main.go:142.50,147.2 4 2
github.com/ingmardrewing/static/main.go:149.16,152.2 2 0
github.com/ingmardrewing/static/main.go:154.41,158.2 3 0
github.com/ingmardrewing/static/main.go:160.17,163.2 2 0
github.com/ingmardrewing/static/siteController.go:10.82,14.2 3 1
github.com/ingmardrewing/static/siteController.go:22.45,23.35 1 0
github.com/ingmardrewing/static/siteController.go:23.35,25.3 1 0
github.com/ingmardrewing/static/siteController.go:29.47,30.35 1 1
github.com/ingmardrewing/static/siteController.go:30.35,40.3 9 1
